Traceback (most recent call last):
  File "C:\Users\Harseven\AppData\Local\Programs\Python\Python312\Lib\site-packages\jupyter_core\utils\__init__.py", line 154, in wrapped
    asyncio.get_running_loop()
RuntimeError: no running event loop

During handling of the above exception, another exception occurred:

Traceback (most recent call last):
  File "C:\Users\Harseven\AppData\Local\Programs\Python\Python312\Lib\site-packages\jupyter_cache\executors\utils.py", line 58, in single_nb_execution
    executenb(
  File "C:\Users\Harseven\AppData\Local\Programs\Python\Python312\Lib\site-packages\nbclient\client.py", line 1319, in execute
    return NotebookClient(nb=nb, resources=resources, km=km, **kwargs).execute()
           ^^^^^^^^^^^^^^^^^^^^^^^^^^^^^^^^^^^^^^^^^^^^^^^^^^^^^^^^^^^^^^^^^^^^^
  File "C:\Users\Harseven\AppData\Local\Programs\Python\Python312\Lib\site-packages\jupyter_core\utils\__init__.py", line 158, in wrapped
    return loop.run_until_complete(inner)
           ^^^^^^^^^^^^^^^^^^^^^^^^^^^^^^
  File "C:\Users\Harseven\AppData\Local\Programs\Python\Python312\Lib\asyncio\base_events.py", line 664, in run_until_complete
    return future.result()
           ^^^^^^^^^^^^^^^
  File "C:\Users\Harseven\AppData\Local\Programs\Python\Python312\Lib\site-packages\nbclient\client.py", line 709, in async_execute
    await self.async_execute_cell(
  File "C:\Users\Harseven\AppData\Local\Programs\Python\Python312\Lib\site-packages\nbclient\client.py", line 1062, in async_execute_cell
    await self._check_raise_for_error(cell, cell_index, exec_reply)
  File "C:\Users\Harseven\AppData\Local\Programs\Python\Python312\Lib\site-packages\nbclient\client.py", line 918, in _check_raise_for_error
    raise CellExecutionError.from_cell_and_msg(cell, exec_reply_content)
nbclient.exceptions.CellExecutionError: An error occurred while executing the following cell:
------------------
import pandas as pd
from sklearn.model_selection import train_test_split
from sklearn.preprocessing import LabelEncoder
from sklearn.svm import SVC
from sklearn.ensemble import BaggingClassifier
from sklearn.metrics import accuracy_score
import warnings

warnings.filterwarnings('ignore')

try:
    df_iris = pd.read_csv('iris-full.csv')
    print("--- Data Iris berhasil dimuat ---")
    print("5 baris pertama dari data:")
    print(df_iris.head())
    print("\n")
except FileNotFoundError:
    print("Error: File 'iris-full.csv' tidak ditemukan. Pastikan file ada di folder yang sama.")
    exit()

fitur_columns = ['sepal length', 'sepal width', 'petal length', 'petal width']
target_column = 'Class'

X = df_iris[fitur_columns]
y = df_iris[target_column]


le = LabelEncoder()
y_encoded = le.fit_transform(y)


print("--- Hasil Encoding Target (y) ---")
for i, class_name in enumerate(le.classes_):
    print(f"'{class_name}' diubah menjadi: {i}")
print("\n")



X_train, X_test, y_train, y_test = train_test_split(X, y_encoded, test_size=0.2, random_state=42)

print("--- Ukuran Data Setelah Dibagi ---")
print(f"Data Latih (Train): {X_train.shape[0]} baris")
print(f"Data Uji (Test):   {X_test.shape[0]} baris")
print("\n")

print("--- Memulai Pelatihan Model BaggingClassifier ---")

clf = BaggingClassifier(estimator=SVC(),
                        n_estimators=10, 
                        random_state=0)

clf.fit(X_train, y_train)

print("Model berhasil dilatih!")
print("\n")

y_pred = clf.predict(X_test)

accuracy = accuracy_score(y_test, y_pred)
print(f"Akurasi model pada data uji: {accuracy * 100:.2f}%")
print("\n")


data_iris_baru = [[5.1, 3.5, 1.4, 0.2]] # Ini adalah data baris pertama dari dataset iris

prediksi_baru = clf.predict(data_iris_baru)

nama_kelas_prediksi = le.inverse_transform(prediksi_baru)

print(f"--- Prediksi untuk Data Baru ---")
print(f"Data input: {data_iris_baru}")
print(f"Hasil prediksi (angka): {prediksi_baru[0]}")
print(f"Hasil prediksi (nama kelas): '{nama_kelas_prediksi[0]}'")

------------------


[31m-------------------------------------------------[39m
[31mModuleNotFoundError[39mTraceback (most recent call last)
[36mCell[39m[36m [39m[32mIn[1][39m[32m, line 2[39m
[32m      1[39m [38;5;28;01mimport[39;00m[38;5;250m [39m[34;01mpandas[39;00m[38;5;250m [39m[38;5;28;01mas[39;00m[38;5;250m [39m[34;01mpd[39;00m
[32m----> [39m[32m2[39m [38;5;28;01mfrom[39;00m[38;5;250m [39m[34;01msklearn[39;00m[34;01m.[39;00m[34;01mmodel_selection[39;00m[38;5;250m [39m[38;5;28;01mimport[39;00m train_test_split
[32m      3[39m [38;5;28;01mfrom[39;00m[38;5;250m [39m[34;01msklearn[39;00m[34;01m.[39;00m[34;01mpreprocessing[39;00m[38;5;250m [39m[38;5;28;01mimport[39;00m LabelEncoder
[32m      4[39m [38;5;28;01mfrom[39;00m[38;5;250m [39m[34;01msklearn[39;00m[34;01m.[39;00m[34;01msvm[39;00m[38;5;250m [39m[38;5;28;01mimport[39;00m SVC

[31mModuleNotFoundError[39m: No module named 'sklearn'

